mode: set
github.com/Ulbora/go-sessions/session.go:22.40,23.18 1 1
github.com/Ulbora/go-sessions/session.go:27.2,27.19 1 1
github.com/Ulbora/go-sessions/session.go:31.2,31.18 1 1
github.com/Ulbora/go-sessions/session.go:35.2,35.24 1 1
github.com/Ulbora/go-sessions/session.go:39.2,39.20 1 1
github.com/Ulbora/go-sessions/session.go:23.18,26.3 2 1
github.com/Ulbora/go-sessions/session.go:27.19,30.3 2 1
github.com/Ulbora/go-sessions/session.go:31.18,34.3 2 1
github.com/Ulbora/go-sessions/session.go:35.24,38.3 2 1
github.com/Ulbora/go-sessions/session.go:39.20,41.3 1 1
github.com/Ulbora/go-sessions/session.go:45.42,53.2 2 1
github.com/Ulbora/go-sessions/session.go:56.70,58.2 1 1
