mode: set
github.com/Ulbora/go-sessions/session.go:20.56,21.18 1 1
github.com/Ulbora/go-sessions/session.go:25.2,25.19 1 1
github.com/Ulbora/go-sessions/session.go:29.2,29.18 1 1
github.com/Ulbora/go-sessions/session.go:33.2,33.24 1 1
github.com/Ulbora/go-sessions/session.go:37.2,38.14 2 1
github.com/Ulbora/go-sessions/session.go:21.18,24.3 2 1
github.com/Ulbora/go-sessions/session.go:25.19,28.3 2 1
github.com/Ulbora/go-sessions/session.go:29.18,32.3 2 1
github.com/Ulbora/go-sessions/session.go:33.24,36.3 2 1
github.com/Ulbora/go-sessions/session.go:42.58,51.2 3 1
